C51 COMPILER V8.15   L293D                                                                 10/01/2014 12:57:15 PAGE 1   


C51 COMPILER V8.15, COMPILATION OF MODULE L293D
OBJECT MODULE PLACED IN l293d.OBJ
COMPILER INVOKED BY: C:\Keil\C51\BIN\C51.EXE l293d.c BROWSE DEBUG OBJECTEXTEND

line level    source

   1          #include <REGX51.H>
   2          
   3          sbit en1=P2^0;
   4          sbit en2=P2^1;
   5          sbit in1=P2^2;
   6          sbit in2=P2^3;
   7          sbit in3=P2^4;
   8          sbit in4=P2^5;
   9          
  10          sbit sw1=P1^0;
  11          sbit sw2=P1^1;
  12          sbit sw3=P1^2;
  13          sbit sw4=P1^3;
  14          
  15          void main()
  16          {
  17   1        while(1)
  18   1        {
  19   2          if(sw1==0)
  20   2              {
  21   3                en1=1;
  22   3                en2=1;
  23   3                in1=1;
  24   3                in2=0;
  25   3                in3=1;
  26   3                in4=0;
  27   3              }
  28   2              else if(sw2==0)
  29   2              {
  30   3                en1=1;
  31   3                en2=1;
  32   3                in1=0;
  33   3                in2=1;
  34   3                in3=0;
  35   3                in4=1;
  36   3              }
  37   2              else if(sw3==0)
  38   2              {
  39   3                en1=1;
  40   3                en2=0;
  41   3                in1=1;
  42   3                in2=0;
  43   3                in3=0;
  44   3                in4=0;
  45   3              }
  46   2              else if(sw4==0)
  47   2              {
  48   3                en1=0;
  49   3                en2=1;
  50   3                in1=0;
  51   3                in2=0;
  52   3                in3=1;
  53   3                in4=0;
  54   3              }
  55   2              else
C51 COMPILER V8.15   L293D                                                                 10/01/2014 12:57:15 PAGE 2   

  56   2              { 
  57   3                en1=0;
  58   3                en2=0;
  59   3                in1=0;
  60   3                in2=0;
  61   3                in3=0;
  62   3                in4=0;
  63   3              }
  64   2        }
  65   1      }


MODULE INFORMATION:   STATIC OVERLAYABLE
   CODE SIZE        =     76    ----
   CONSTANT SIZE    =   ----    ----
   XDATA SIZE       =   ----    ----
   PDATA SIZE       =   ----    ----
   DATA SIZE        =   ----    ----
   IDATA SIZE       =   ----    ----
   BIT SIZE         =   ----    ----
END OF MODULE INFORMATION.


C51 COMPILATION COMPLETE.  0 WARNING(S),  0 ERROR(S)
