C51 COMPILER V8.15   LED                                                                   11/08/2017 13:00:27 PAGE 1   


C51 COMPILER V8.15, COMPILATION OF MODULE LED
OBJECT MODULE PLACED IN led.OBJ
COMPILER INVOKED BY: C:\Keil\C51\BIN\C51.EXE led.c BROWSE DEBUG OBJECTEXTEND

line level    source

   1          #include <REGX51.H>
   2          
   3          sbit en1=P2^0;
   4          sbit en2=P2^1;
   5          sbit in1=P2^2;
   6          sbit in2=P2^3;
   7          sbit in3=P2^4;
   8          sbit in4=P2^5;
   9          
  10          sbit sw1=P1^0;  //forward
  11          sbit sw2=P1^1;  //backward
  12          sbit sw3=P1^2;  //left
  13          sbit sw4=P1^3;  //right
  14          
  15          
  16          
  17          void main()
  18          {
  19   1      
  20   1          while(1)
  21   1          {
  22   2                if(sw1==0) // forward
  23   2                {
  24   3                    en1=1;
  25   3                    en2=1;
  26   3                    in1=1;
  27   3                    in2=0; 
  28   3                    in3=1;
  29   3                    in4=0;
  30   3                }
  31   2                else if(sw2==0) // backward
  32   2                {
  33   3                    en1=1;
  34   3                    en2=1;
  35   3                    in1=0;
  36   3                    in2=1; 
  37   3                    in3=0;
  38   3                    in4=1;
  39   3                }
  40   2                else if(sw3==0) //left
  41   2                {
  42   3                    en1=0;
  43   3                    en2=1;
  44   3                    in1=0;
  45   3                    in2=0; 
  46   3                    in3=1;
  47   3                    in4=0;
  48   3                }
  49   2                 else if(sw4==0) // right
  50   2                {
  51   3                    en1=1;
  52   3                    en2=0;
  53   3                    in1=1;
  54   3                    in2=0; 
  55   3                    in3=0;
C51 COMPILER V8.15   LED                                                                   11/08/2017 13:00:27 PAGE 2   

  56   3                    in4=0;
  57   3                }
  58   2                else  //stop
  59   2                {
  60   3                    en1=0;
  61   3                    en2=0;
  62   3                    in1=0;
  63   3                    in2=0; 
  64   3                    in3=0;
  65   3                    in4=0;
  66   3                }
  67   2          }
  68   1      
  69   1      }


MODULE INFORMATION:   STATIC OVERLAYABLE
   CODE SIZE        =     76    ----
   CONSTANT SIZE    =   ----    ----
   XDATA SIZE       =   ----    ----
   PDATA SIZE       =   ----    ----
   DATA SIZE        =   ----    ----
   IDATA SIZE       =   ----    ----
   BIT SIZE         =   ----    ----
END OF MODULE INFORMATION.


C51 COMPILATION COMPLETE.  0 WARNING(S),  0 ERROR(S)
