C51 COMPILER V8.15   EEPROM                                                                10/07/2014 18:23:29 PAGE 1   


C51 COMPILER V8.15, COMPILATION OF MODULE EEPROM
OBJECT MODULE PLACED IN eeprom.OBJ
COMPILER INVOKED BY: C:\Keil\C51\BIN\C51.EXE eeprom.c BROWSE DEBUG OBJECTEXTEND

line level    source

   1          #include <REGX51.H>
   2          
   3          #include "ORL/delay.h"
   4          #include "ORL/lcd.h"
   5          #include "ORL/eeprom.h"
   6          
   7          sbit sw=P2^0;
   8          
   9          unsigned char ch,ch1,i,j;
  10          
  11          void main()
  12          {
  13   1         lcd_init();
  14   1         lcd_cmd(1);
  15   1         lcd_cmd(0x83);
  16   1         lcd_string("EEPROM TEST");
  17   1      
  18   1         write_eeprom(0,89);
  19   1         delay(1000);
  20   1         write_eeprom(1,99);
  21   1         delay(1000);
  22   1         while(1)
  23   1         {
  24   2              if(sw==0)
  25   2              {
  26   3                      while(sw==0);
  27   3                      ch=read_eeprom(0);
  28   3      
  29   3                      lcd_cmd(1);
  30   3                      lcd_num(ch);
  31   3                      delay(1000);
  32   3      
  33   3                      ch1=read_eeprom(1);
  34   3                      lcd_cmd(1);
  35   3                      lcd_num(ch1);
  36   3                      delay(1000);
  37   3      
  38   3                      i=ch+ch1;
  39   3                      lcd_cmd(1);
  40   3                      lcd_num(i);
  41   3                      delay(1000);
  42   3      
  43   3                      write_eeprom(2,i);
  44   3                      delay(1000);
  45   3      
  46   3                      j=read_eeprom(2);
  47   3      
  48   3                      lcd_cmd(1);
  49   3                      lcd_num(j);
  50   3                      delay(1000);
  51   3      
  52   3                      
  53   3              }
  54   2              else
  55   2              {
C51 COMPILER V8.15   EEPROM                                                                10/07/2014 18:23:29 PAGE 2   

  56   3              lcd_cmd(1);
  57   3                      lcd_string("No data Received ");
  58   3                      delay(300);
  59   3              }
  60   2        }
  61   1      }


MODULE INFORMATION:   STATIC OVERLAYABLE
   CODE SIZE        =    642    ----
   CONSTANT SIZE    =     30    ----
   XDATA SIZE       =   ----    ----
   PDATA SIZE       =   ----    ----
   DATA SIZE        =      4      11
   IDATA SIZE       =   ----    ----
   BIT SIZE         =   ----    ----
END OF MODULE INFORMATION.


C51 COMPILATION COMPLETE.  0 WARNING(S),  0 ERROR(S)
