C51 COMPILER V8.15   LCD                                                                   11/08/2017 14:10:20 PAGE 1   


C51 COMPILER V8.15, COMPILATION OF MODULE LCD
OBJECT MODULE PLACED IN lcd.OBJ
COMPILER INVOKED BY: C:\Keil\C51\BIN\C51.EXE lcd.c BROWSE DEBUG OBJECTEXTEND

line level    source

   1          #include <REGX51.H>
   2          
   3          #include "ORL/delay.h"
   4          #include "ORL/lcd.h"
   5          #define led P2
   6          void main()
   7          {
   8   1      
   9   1              lcd_init();  // initializing LCD 
  10   1          lcd_cmd(1); //clears lcd
  11   1          
  12   1          lcd_cmd(0x80);
  13   1          lcd_string("WELCOME 2 ORANGE");
  14   1          delay(1000);
  15   1          lcd_cmd(0xC1);
  16   1          lcd_string(" RESEARCH LABS ");
  17   1          delay(1000);
  18   1              while(1)
  19   1              {
  20   2                      led=0x00;
  21   2                      delay(500);
  22   2                      led=0xFF;
  23   2                      delay(500);
  24   2              }
  25   1      }


MODULE INFORMATION:   STATIC OVERLAYABLE
   CODE SIZE        =    340    ----
   CONSTANT SIZE    =     33    ----
   XDATA SIZE       =   ----    ----
   PDATA SIZE       =   ----    ----
   DATA SIZE        =   ----       7
   IDATA SIZE       =   ----    ----
   BIT SIZE         =   ----    ----
END OF MODULE INFORMATION.


C51 COMPILATION COMPLETE.  0 WARNING(S),  0 ERROR(S)
